2025-07-21 22:13:34,518 - INFO - Job 505b89c4-b2bf-43fe-afd4-441ae3f31061 initialized.
2025-07-21 22:13:34,519 - INFO - Original input file: Z:\landing_point\Video\Kill Bill- Vol. 2\Kill Bill- Vol. 2_t03.mkv
2025-07-21 22:13:34,520 - INFO - Final output file: Z:\landing_point\Video\Kill Bill- Vol. 2\Kill Bill- Vol. 2_t03_DV_P8.mkv
2025-07-21 22:13:34,520 - INFO - Local job staging directory: H:\staging\505b89c4-b2bf-43fe-afd4-441ae3f31061
2025-07-21 22:13:34,521 - INFO - Disk space for Local Staging SSD (H:\staging):
2025-07-21 22:13:34,522 - INFO -   - Total: 3726.01 GB
2025-07-21 22:13:34,522 - INFO -   - Used: 2086.22 GB
2025-07-21 22:13:34,523 - INFO -   - Free: 1639.79 GB
2025-07-21 22:13:34,523 - INFO - === Entering transcode() for job 505b89c4-b2bf-43fe-afd4-441ae3f31061 ===
2025-07-21 22:13:34,524 - INFO - Job dict: {
  "id": "505b89c4-b2bf-43fe-afd4-441ae3f31061",
  "input_path": "\"Z:\\landing_point\\Video\\Kill Bill- Vol. 2\\Kill Bill- Vol. 2_t03.mkv\"",
  "job_type": "dolby_vision",
  "status": "running",
  "worker_id": "CJBLANK",
  "output_path": null,
  "added_at": 1752956660.109368,
  "retries": 1,
  "steps": {
    "copy_source": "pending",
    "get_metadata": "pending",
    "extract_p7": "pending",
    "convert_p8": "pending",
    "extract_rpu": "pending",
    "reencode_x265": "pending",
    "inject_rpu": "pending",
    "remux_final": "pending",
    "move_final": "pending"
  },
  "claimed_at": 1753157614.3760061
}
2025-07-21 22:13:34,534 - INFO - === Starting transcode pipeline for job 505b89c4-b2bf-43fe-afd4-441ae3f31061 ===
2025-07-21 22:13:34,534 - INFO - Job dict: {'id': '505b89c4-b2bf-43fe-afd4-441ae3f31061', 'input_path': '"Z:\\landing_point\\Video\\Kill Bill- Vol. 2\\Kill Bill- Vol. 2_t03.mkv"', 'job_type': 'dolby_vision', 'status': 'running', 'worker_id': 'CJBLANK', 'output_path': None, 'added_at': 1752956660.109368, 'retries': 1, 'steps': {'copy_source': 'pending', 'get_metadata': 'pending', 'extract_p7': 'pending', 'convert_p8': 'pending', 'extract_rpu': 'pending', 'reencode_x265': 'pending', 'inject_rpu': 'pending', 'remux_final': 'pending', 'move_final': 'pending'}, 'claimed_at': 1753157614.3760061}
2025-07-21 22:13:34,535 - INFO - Starting step: copy_source - Copying source file locally
2025-07-21 22:13:34,546 - INFO - Copying source file locally: from Z:\landing_point\Video\Kill Bill- Vol. 2\Kill Bill- Vol. 2_t03.mkv to H:\staging\505b89c4-b2bf-43fe-afd4-441ae3f31061\Kill Bill- Vol. 2_t03.mkv
2025-07-21 22:30:44,778 - INFO - Copy successful.
2025-07-21 22:30:44,855 - INFO - Starting step: get_metadata - Getting video metadata
2025-07-21 22:30:44,863 - INFO - Attempting to get video metadata from H:\staging\505b89c4-b2bf-43fe-afd4-441ae3f31061\Kill Bill- Vol. 2_t03.mkv
2025-07-21 22:30:45,084 - INFO - Successfully got frame rate: 23.976 fps.
2025-07-21 22:30:45,177 - INFO - Successfully got frame count from tag 'NUMBER_OF_FRAMES-eng': 197638 frames.
2025-07-21 22:30:53,376 - INFO - Probing for main video stream in: H:\staging\505b89c4-b2bf-43fe-afd4-441ae3f31061\Kill Bill- Vol. 2_t03.mkv
2025-07-21 22:30:53,485 - INFO - Found main video stream at index: 0
2025-07-21 22:30:53,492 - INFO - Using map specifier '0:v:0' for ffmpeg.
2025-07-21 22:30:53,500 - INFO - Starting step: extract_p7 - Extracting Profile 7 HEVC stream
2025-07-21 22:30:53,508 - INFO - Executing ffmpeg stream copy: ffmpeg -i "H:\staging\505b89c4-b2bf-43fe-afd4-441ae3f31061\Kill Bill- Vol. 2_t03.mkv" -map 0:v:0 -c copy -y "H:\staging\505b89c4-b2bf-43fe-afd4-441ae3f31061\video_p7.hevc"
2025-07-21 22:36:16,894 - INFO - Successfully completed: Extracting P7 stream
2025-07-21 22:36:16,957 - INFO - Starting step: convert_p8 - Converting P7 to P8.1
2025-07-21 22:36:16,965 - INFO - Converting to P8.1...
2025-07-21 22:36:16,967 - INFO - Executing command: dovi_tool -m 2 convert --discard -i "H:\staging\505b89c4-b2bf-43fe-afd4-441ae3f31061\video_p7.hevc" -o "H:\staging\505b89c4-b2bf-43fe-afd4-441ae3f31061\video_p8.hevc"
2025-07-21 22:41:22,079 - INFO - Converting to P8.1 successful.
2025-07-21 22:41:22,137 - INFO - Starting step: extract_rpu - Extracting RPU
2025-07-21 22:41:22,146 - INFO - Extracting RPU...
2025-07-21 22:41:22,148 - INFO - Executing command: dovi_tool extract-rpu -i "H:\staging\505b89c4-b2bf-43fe-afd4-441ae3f31061\video_p8.hevc" -o "H:\staging\505b89c4-b2bf-43fe-afd4-441ae3f31061\rpu.bin"
2025-07-21 22:44:02,271 - INFO - Extracting RPU successful.
2025-07-21 22:44:02,331 - INFO - Starting step: reencode_x265 - Re-encoding to x265
2025-07-21 22:44:02,339 - INFO - Executing ffmpeg command: ffmpeg -fflags +genpts -i "H:\staging\505b89c4-b2bf-43fe-afd4-441ae3f31061\video_p8.hevc" -an -sn -dn -c:v libx265 -preset slow -crf 20.5 -threads 10 -x265-params pools=10:no-sao=1:early-skip=1:rd=3:me=hex -y "H:\staging\505b89c4-b2bf-43fe-afd4-441ae3f31061\video_reencoded.hevc"
2025-07-21 22:44:02,509 - ERROR - ffmpeg version 7.1.1-full_build-www.gyan.dev Copyright (c) 2000-2025 the FFmpeg developers
2025-07-21 22:44:02,510 - ERROR - built with gcc 14.2.0 (Rev1, Built by MSYS2 project)
2025-07-21 22:44:02,511 - ERROR - configuration: --enable-gpl --enable-version3 --enable-static --disable-w32threads --disable-autodetect --enable-fontconfig --enable-iconv --enable-gnutls --enable-lcms2 --enable-libxml2 --enable-gmp --enable-bzlib --enable-lzma --enable-libsnappy --enable-zlib --enable-librist --enable-libsrt --enable-libssh --enable-libzmq --enable-avisynth --enable-libbluray --enable-libcaca --enable-libdvdnav --enable-libdvdread --enable-sdl2 --enable-libaribb24 --enable-libaribcaption --enable-libdav1d --enable-libdavs2 --enable-libopenjpeg --enable-libquirc --enable-libuavs3d --enable-libxevd --enable-libzvbi --enable-libqrencode --enable-librav1e --enable-libsvtav1 --enable-libvvenc --enable-libwebp --enable-libx264 --enable-libx265 --enable-libxavs2 --enable-libxeve --enable-libxvid --enable-libaom --enable-libjxl --enable-libvpx --enable-mediafoundation --enable-libass --enable-frei0r --enable-libfreetype --enable-libfribidi --enable-libharfbuzz --enable-liblensfun --enable-libvidstab --enable-libvmaf --enable-libzimg --enable-amf --enable-cuda-llvm --enable-cuvid --enable-dxva2 --enable-d3d11va --enable-d3d12va --enable-ffnvcodec --enable-libvpl --enable-nvdec --enable-nvenc --enable-vaapi --enable-libshaderc --enable-vulkan --enable-libplacebo --enable-opencl --enable-libcdio --enable-libgme --enable-libmodplug --enable-libopenmpt --enable-libopencore-amrwb --enable-libmp3lame --enable-libshine --enable-libtheora --enable-libtwolame --enable-libvo-amrwbenc --enable-libcodec2 --enable-libilbc --enable-libgsm --enable-liblc3 --enable-libopencore-amrnb --enable-libopus --enable-libspeex --enable-libvorbis --enable-ladspa --enable-libbs2b --enable-libflite --enable-libmysofa --enable-librubberband --enable-libsoxr --enable-chromaprint
2025-07-21 22:44:02,512 - ERROR - libavutil      59. 39.100 / 59. 39.100
2025-07-21 22:44:02,512 - ERROR - libavcodec     61. 19.101 / 61. 19.101
2025-07-21 22:44:02,513 - ERROR - libavformat    61.  7.100 / 61.  7.100
2025-07-21 22:44:02,513 - ERROR - libavdevice    61.  3.100 / 61.  3.100
2025-07-21 22:44:02,514 - ERROR - libavfilter    10.  4.100 / 10.  4.100
2025-07-21 22:44:02,515 - ERROR - libswscale      8.  3.100 /  8.  3.100
2025-07-21 22:44:02,515 - ERROR - libswresample   5.  3.100 /  5.  3.100
2025-07-21 22:44:02,516 - ERROR - libpostproc    58.  3.100 / 58.  3.100
2025-07-21 22:44:02,538 - ERROR - Input #0, hevc, from 'H:\staging\505b89c4-b2bf-43fe-afd4-441ae3f31061\video_p8.hevc':
2025-07-21 22:44:02,540 - ERROR - Duration: N/A, bitrate: N/A
2025-07-21 22:44:02,540 - ERROR - Stream #0:0: Video: hevc (Main 10), yuv420p10le(tv, bt2020nc/bt2020/smpte2084), 3840x2160 [SAR 1:1 DAR 16:9], 25 fps, 23.98 tbr, 1200k tbn
2025-07-21 22:44:02,542 - ERROR - Stream mapping:
2025-07-21 22:44:02,543 - ERROR - Stream #0:0 -> #0:0 (hevc (native) -> hevc (libx265))
2025-07-21 22:44:02,544 - ERROR - Press [q] to stop, [?] for help
2025-07-21 22:44:02,658 - ERROR - x265 [info]: HEVC encoder version 4.1+110-0e0eee580
2025-07-21 22:44:02,660 - ERROR - x265 [info]: build info [Windows][GCC 14.2.0][64 bit] 10bit
2025-07-21 22:44:02,661 - ERROR - x265 [info]: using cpu capabilities: MMX2 SSE2Fast LZCNT SSSE3 SSE4.2 AVX FMA3 BMI2 AVX2
2025-07-21 22:44:02,662 - ERROR - x265 [info]: Main 10 profile, Level-5 (Main tier)
2025-07-21 22:44:02,662 - ERROR - x265 [info]: Thread pool created using 10 threads
2025-07-21 22:44:02,663 - ERROR - x265 [info]: Slices                              : 1
2025-07-21 22:44:02,664 - ERROR - x265 [info]: frame threads / pool features       : 10 / wpp(34 rows)
2025-07-21 22:44:02,689 - ERROR - x265 [info]: Coding QT: max CU size, min CU size : 64 / 8
2025-07-21 22:44:02,693 - ERROR - x265 [info]: Residual QT: max TU size, max depth : 32 / 1 inter / 1 intra
2025-07-21 22:44:02,701 - ERROR - x265 [info]: ME / range / subpel / merge         : hex / 57 / 3 / 3
2025-07-21 22:44:02,709 - ERROR - x265 [info]: Keyframe min / max / scenecut / bias  : 23 / 250 / 40 / 5.00
2025-07-21 22:44:02,718 - ERROR - x265 [info]: Lookahead / bframes / badapt        : 25 / 4 / 2
2025-07-21 22:44:02,719 - ERROR - x265 [info]: b-pyramid / weightp / weightb       : 1 / 1 / 0
2025-07-21 22:44:02,720 - ERROR - x265 [info]: References / ref-limit  cu / depth  : 4 / on / on
2025-07-21 22:44:02,721 - ERROR - x265 [info]: AQ: mode / str / qg-size / cu-tree  : 2 / 1.0 / 32 / 1
2025-07-21 22:44:02,721 - ERROR - x265 [info]: Rate Control / qCompress            : CRF-20.5 / 0.60
2025-07-21 22:44:02,722 - ERROR - x265 [info]: tools: rect limit-modes rd=3 psy-rd=2.00 rdoq=2 psy-rdoq=1.00
2025-07-21 22:44:02,722 - ERROR - x265 [info]: tools: early-skip rskip mode=1 signhide tmvp
2025-07-21 22:44:02,723 - ERROR - x265 [info]: tools: strong-intra-smoothing lslices=4 deblock dhdr10-info
2025-07-21 22:44:02,724 - ERROR - Output #0, hevc, to 'H:\staging\505b89c4-b2bf-43fe-afd4-441ae3f31061\video_reencoded.hevc':
2025-07-21 22:44:02,725 - ERROR - Metadata:
2025-07-21 22:44:02,726 - ERROR - encoder         : Lavf61.7.100
2025-07-21 22:44:02,726 - ERROR - Stream #0:0: Video: hevc, yuv420p10le(tv, bt2020nc/bt2020/smpte2084, progressive), 3840x2160 [SAR 1:1 DAR 16:9], q=2-31, 23.98 fps, 23.98 tbn
2025-07-21 22:44:02,727 - ERROR - Metadata:
2025-07-21 22:44:02,728 - ERROR - encoder         : Lavc61.19.101 libx265
2025-07-21 22:44:02,728 - ERROR - Side data:
2025-07-21 22:44:02,729 - ERROR - Mastering Display Metadata, has_primaries:1 has_luminance:1 r(0.6800,0.3200) g(0.2650,0.6900) b(0.1500 0.0600) wp(0.3127, 0.3290) min_luminance=0.000100, max_luminance=1000.000000
2025-07-21 22:44:02,729 - ERROR - Content Light Level Metadata, MaxCLL=1000, MaxFALL=384
2025-07-21 22:44:02,730 - ERROR - cpb: bitrate max/min/avg: 0/0/0 buffer size: 0 vbv_delay: N/A
2025-07-22 08:52:46,874 - ERROR - [out#0/hevc @ 000001baa8938840] video:11040567KiB audio:0KiB subtitle:0KiB other streams:0KiB global headers:0KiB muxing overhead: 0.000000%
2025-07-22 08:52:46,877 - ERROR - x265 [info]: frame I:   1499, Avg QP:20.68  kb/s: 32246.36
2025-07-22 08:52:46,878 - ERROR - x265 [info]: frame P:  43170, Avg QP:22.26  kb/s: 19813.04
2025-07-22 08:52:46,878 - ERROR - x265 [info]: frame B: 152969, Avg QP:25.53  kb/s: 8263.07
2025-07-22 08:52:46,879 - ERROR - x265 [info]: Weighted P-Frames: Y:3.1% UV:2.2%
2025-07-22 08:52:46,880 - ERROR - encoded 197638 frames in 36524.19s (5.41 fps), 10967.83 kb/s, Avg QP:24.77
2025-07-22 08:52:47,242 - INFO - Successfully completed: Re-encoding to x265
2025-07-22 08:52:47,306 - INFO - Starting step: inject_rpu - Injecting RPU
2025-07-22 08:52:47,307 - INFO - Injecting RPU...
2025-07-22 08:52:47,311 - INFO - Executing command: dovi_tool inject-rpu -i "H:\staging\505b89c4-b2bf-43fe-afd4-441ae3f31061\video_reencoded.hevc" --rpu-in "H:\staging\505b89c4-b2bf-43fe-afd4-441ae3f31061\rpu.bin" -o "H:\staging\505b89c4-b2bf-43fe-afd4-441ae3f31061\video_final_with_rpu.hevc"
2025-07-22 08:54:07,130 - INFO - Injecting RPU successful.
2025-07-22 08:54:07,191 - INFO - Starting step: remux_final - Remuxing final MKV
2025-07-22 08:54:07,199 - INFO - Remuxing final MKV...
2025-07-22 08:54:07,207 - INFO - Executing command: mkvmerge -o "H:\staging\505b89c4-b2bf-43fe-afd4-441ae3f31061\Kill Bill- Vol. 2_t03_DV_P8.mkv" --language 0:eng "H:\staging\505b89c4-b2bf-43fe-afd4-441ae3f31061\video_final_with_rpu.hevc" --no-video "H:\staging\505b89c4-b2bf-43fe-afd4-441ae3f31061\Kill Bill- Vol. 2_t03.mkv"
2025-07-22 08:58:13,469 - INFO - Remuxing final MKV successful.
2025-07-22 08:58:13,539 - INFO - Starting step: move_final - Moving final file to destination
2025-07-22 08:58:13,542 - INFO - Moving final file from H:\staging\505b89c4-b2bf-43fe-afd4-441ae3f31061\Kill Bill- Vol. 2_t03_DV_P8.mkv to Z:\landing_point\Video\Kill Bill- Vol. 2\Kill Bill- Vol. 2_t03_DV_P8.mkv
2025-07-22 09:00:42,435 - INFO - Move successful.
2025-07-22 09:00:42,497 - INFO - === transcode() completed successfully for job 505b89c4-b2bf-43fe-afd4-441ae3f31061 ===
2025-07-22 09:00:42,584 - INFO - Cleaning up job staging directory: H:\staging\505b89c4-b2bf-43fe-afd4-441ae3f31061
