2025-07-22 22:40:22,355 - INFO - Job 7e6ecde2-80c6-4f3f-a432-56a61c93b831 initialized.
2025-07-22 22:40:22,368 - INFO - Original input file: Z:\landing_point\Video\Pulp Fiction\Pulp Fiction-FPL_MainFeature_t03.mkv
2025-07-22 22:40:22,368 - INFO - Final output file: Z:\landing_point\Video\Pulp Fiction\Pulp Fiction-FPL_MainFeature_t03_DV_P8.mkv
2025-07-22 22:40:22,369 - INFO - Local job staging directory: H:\staging\7e6ecde2-80c6-4f3f-a432-56a61c93b831
2025-07-22 22:40:22,370 - INFO - Disk space for Local Staging SSD (H:\staging):
2025-07-22 22:40:22,370 - INFO -   - Total: 3726.01 GB
2025-07-22 22:40:22,371 - INFO -   - Used: 2121.31 GB
2025-07-22 22:40:22,374 - INFO -   - Free: 1604.70 GB
2025-07-22 22:40:22,376 - INFO - === Entering transcode() for job 7e6ecde2-80c6-4f3f-a432-56a61c93b831 ===
2025-07-22 22:40:22,376 - INFO - Job dict: {
  "id": "7e6ecde2-80c6-4f3f-a432-56a61c93b831",
  "input_path": "\"Z:\\landing_point\\Video\\Pulp Fiction\\Pulp Fiction-FPL_MainFeature_t03.mkv\"",
  "job_type": "dolby_vision",
  "status": "running",
  "worker_id": "CJBLANK",
  "output_path": null,
  "added_at": 1752956661.7061832,
  "retries": 1,
  "steps": {
    "copy_source": "pending",
    "get_metadata": "pending",
    "extract_p7": "pending",
    "convert_p8": "pending",
    "extract_rpu": "pending",
    "reencode_x265": "pending",
    "inject_rpu": "pending",
    "remux_final": "pending",
    "move_final": "pending"
  },
  "claimed_at": 1753245622.2256198
}
2025-07-22 22:40:22,385 - INFO - === Starting transcode pipeline for job 7e6ecde2-80c6-4f3f-a432-56a61c93b831 ===
2025-07-22 22:40:22,386 - INFO - Job dict: {'id': '7e6ecde2-80c6-4f3f-a432-56a61c93b831', 'input_path': '"Z:\\landing_point\\Video\\Pulp Fiction\\Pulp Fiction-FPL_MainFeature_t03.mkv"', 'job_type': 'dolby_vision', 'status': 'running', 'worker_id': 'CJBLANK', 'output_path': None, 'added_at': 1752956661.7061832, 'retries': 1, 'steps': {'copy_source': 'pending', 'get_metadata': 'pending', 'extract_p7': 'pending', 'convert_p8': 'pending', 'extract_rpu': 'pending', 'reencode_x265': 'pending', 'inject_rpu': 'pending', 'remux_final': 'pending', 'move_final': 'pending'}, 'claimed_at': 1753245622.2256198}
2025-07-22 22:40:22,387 - INFO - Starting step: copy_source - Copying source file locally
2025-07-22 22:40:22,398 - INFO - Copying source file locally: from Z:\landing_point\Video\Pulp Fiction\Pulp Fiction-FPL_MainFeature_t03.mkv to H:\staging\7e6ecde2-80c6-4f3f-a432-56a61c93b831\Pulp Fiction-FPL_MainFeature_t03.mkv
2025-07-22 22:58:28,176 - INFO - Copy successful.
2025-07-22 22:58:28,252 - INFO - Starting step: get_metadata - Getting video metadata
2025-07-22 22:58:28,259 - INFO - Attempting to get video metadata from H:\staging\7e6ecde2-80c6-4f3f-a432-56a61c93b831\Pulp Fiction-FPL_MainFeature_t03.mkv
2025-07-22 22:58:28,732 - INFO - Successfully got frame rate: 23.976 fps.
2025-07-22 22:58:28,795 - INFO - Successfully got frame count from tag 'NUMBER_OF_FRAMES-eng': 222274 frames.
2025-07-22 22:58:36,792 - INFO - Probing for main video stream in: H:\staging\7e6ecde2-80c6-4f3f-a432-56a61c93b831\Pulp Fiction-FPL_MainFeature_t03.mkv
2025-07-22 22:58:36,889 - INFO - Found main video stream at index: 0
2025-07-22 22:58:36,891 - INFO - Using map specifier '0:v:0' for ffmpeg.
2025-07-22 22:58:36,892 - INFO - Starting step: extract_p7 - Extracting Profile 7 HEVC stream
2025-07-22 22:58:36,893 - INFO - Executing ffmpeg stream copy: ffmpeg -i "H:\staging\7e6ecde2-80c6-4f3f-a432-56a61c93b831\Pulp Fiction-FPL_MainFeature_t03.mkv" -map 0:v:0 -c copy -y "H:\staging\7e6ecde2-80c6-4f3f-a432-56a61c93b831\video_p7.hevc"
2025-07-22 23:03:56,937 - INFO - Successfully completed: Extracting P7 stream
2025-07-22 23:03:57,001 - INFO - Starting step: convert_p8 - Converting P7 to P8.1
2025-07-22 23:03:57,010 - INFO - Converting to P8.1...
2025-07-22 23:03:57,012 - INFO - Executing command: dovi_tool -m 2 convert --discard -i "H:\staging\7e6ecde2-80c6-4f3f-a432-56a61c93b831\video_p7.hevc" -o "H:\staging\7e6ecde2-80c6-4f3f-a432-56a61c93b831\video_p8.hevc"
2025-07-22 23:09:10,624 - INFO - Converting to P8.1 successful.
2025-07-22 23:09:10,682 - INFO - Starting step: extract_rpu - Extracting RPU
2025-07-22 23:09:10,690 - INFO - Extracting RPU...
2025-07-22 23:09:10,692 - INFO - Executing command: dovi_tool extract-rpu -i "H:\staging\7e6ecde2-80c6-4f3f-a432-56a61c93b831\video_p8.hevc" -o "H:\staging\7e6ecde2-80c6-4f3f-a432-56a61c93b831\rpu.bin"
2025-07-22 23:12:05,448 - INFO - Extracting RPU successful.
2025-07-22 23:12:05,507 - INFO - Starting step: reencode_x265 - Re-encoding to x265
2025-07-22 23:12:05,509 - INFO - Executing ffmpeg command: ffmpeg -fflags +genpts -i "H:\staging\7e6ecde2-80c6-4f3f-a432-56a61c93b831\video_p8.hevc" -an -sn -dn -c:v libx265 -preset slow -crf 20.5 -threads 10 -x265-params pools=10:no-sao=1:early-skip=1:rd=3:me=hex -y "H:\staging\7e6ecde2-80c6-4f3f-a432-56a61c93b831\video_reencoded.hevc"
2025-07-22 23:12:05,596 - ERROR - ffmpeg version 7.1.1-full_build-www.gyan.dev Copyright (c) 2000-2025 the FFmpeg developers
2025-07-22 23:12:05,597 - ERROR - built with gcc 14.2.0 (Rev1, Built by MSYS2 project)
2025-07-22 23:12:05,598 - ERROR - configuration: --enable-gpl --enable-version3 --enable-static --disable-w32threads --disable-autodetect --enable-fontconfig --enable-iconv --enable-gnutls --enable-lcms2 --enable-libxml2 --enable-gmp --enable-bzlib --enable-lzma --enable-libsnappy --enable-zlib --enable-librist --enable-libsrt --enable-libssh --enable-libzmq --enable-avisynth --enable-libbluray --enable-libcaca --enable-libdvdnav --enable-libdvdread --enable-sdl2 --enable-libaribb24 --enable-libaribcaption --enable-libdav1d --enable-libdavs2 --enable-libopenjpeg --enable-libquirc --enable-libuavs3d --enable-libxevd --enable-libzvbi --enable-libqrencode --enable-librav1e --enable-libsvtav1 --enable-libvvenc --enable-libwebp --enable-libx264 --enable-libx265 --enable-libxavs2 --enable-libxeve --enable-libxvid --enable-libaom --enable-libjxl --enable-libvpx --enable-mediafoundation --enable-libass --enable-frei0r --enable-libfreetype --enable-libfribidi --enable-libharfbuzz --enable-liblensfun --enable-libvidstab --enable-libvmaf --enable-libzimg --enable-amf --enable-cuda-llvm --enable-cuvid --enable-dxva2 --enable-d3d11va --enable-d3d12va --enable-ffnvcodec --enable-libvpl --enable-nvdec --enable-nvenc --enable-vaapi --enable-libshaderc --enable-vulkan --enable-libplacebo --enable-opencl --enable-libcdio --enable-libgme --enable-libmodplug --enable-libopenmpt --enable-libopencore-amrwb --enable-libmp3lame --enable-libshine --enable-libtheora --enable-libtwolame --enable-libvo-amrwbenc --enable-libcodec2 --enable-libilbc --enable-libgsm --enable-liblc3 --enable-libopencore-amrnb --enable-libopus --enable-libspeex --enable-libvorbis --enable-ladspa --enable-libbs2b --enable-libflite --enable-libmysofa --enable-librubberband --enable-libsoxr --enable-chromaprint
2025-07-22 23:12:05,598 - ERROR - libavutil      59. 39.100 / 59. 39.100
2025-07-22 23:12:05,599 - ERROR - libavcodec     61. 19.101 / 61. 19.101
2025-07-22 23:12:05,599 - ERROR - libavformat    61.  7.100 / 61.  7.100
2025-07-22 23:12:05,600 - ERROR - libavdevice    61.  3.100 / 61.  3.100
2025-07-22 23:12:05,601 - ERROR - libavfilter    10.  4.100 / 10.  4.100
2025-07-22 23:12:05,601 - ERROR - libswscale      8.  3.100 /  8.  3.100
2025-07-22 23:12:05,602 - ERROR - libswresample   5.  3.100 /  5.  3.100
2025-07-22 23:12:05,602 - ERROR - libpostproc    58.  3.100 / 58.  3.100
2025-07-22 23:12:05,621 - ERROR - Input #0, hevc, from 'H:\staging\7e6ecde2-80c6-4f3f-a432-56a61c93b831\video_p8.hevc':
2025-07-22 23:12:05,622 - ERROR - Duration: N/A, bitrate: N/A
2025-07-22 23:12:05,623 - ERROR - Stream #0:0: Video: hevc (Main 10), yuv420p10le(tv, bt2020nc/bt2020/smpte2084), 3840x2160 [SAR 1:1 DAR 16:9], 25 fps, 23.98 tbr, 1200k tbn
2025-07-22 23:12:05,624 - ERROR - Stream mapping:
2025-07-22 23:12:05,624 - ERROR - Stream #0:0 -> #0:0 (hevc (native) -> hevc (libx265))
2025-07-22 23:12:05,625 - ERROR - Press [q] to stop, [?] for help
2025-07-22 23:12:05,739 - ERROR - x265 [info]: HEVC encoder version 4.1+110-0e0eee580
2025-07-22 23:12:05,740 - ERROR - x265 [info]: build info [Windows][GCC 14.2.0][64 bit] 10bit
2025-07-22 23:12:05,742 - ERROR - x265 [info]: using cpu capabilities: MMX2 SSE2Fast LZCNT SSSE3 SSE4.2 AVX FMA3 BMI2 AVX2
2025-07-22 23:12:05,743 - ERROR - x265 [info]: Main 10 profile, Level-5 (Main tier)
2025-07-22 23:12:05,743 - ERROR - x265 [info]: Thread pool created using 10 threads
2025-07-22 23:12:05,744 - ERROR - x265 [info]: Slices                              : 1
2025-07-22 23:12:05,745 - ERROR - x265 [info]: frame threads / pool features       : 10 / wpp(34 rows)
2025-07-22 23:12:05,774 - ERROR - x265 [info]: Coding QT: max CU size, min CU size : 64 / 8
2025-07-22 23:12:05,775 - ERROR - x265 [info]: Residual QT: max TU size, max depth : 32 / 1 inter / 1 intra
2025-07-22 23:12:05,777 - ERROR - x265 [info]: ME / range / subpel / merge         : hex / 57 / 3 / 3
2025-07-22 23:12:05,778 - ERROR - x265 [info]: Keyframe min / max / scenecut / bias  : 23 / 250 / 40 / 5.00
2025-07-22 23:12:05,779 - ERROR - x265 [info]: Lookahead / bframes / badapt        : 25 / 4 / 2
2025-07-22 23:12:05,780 - ERROR - x265 [info]: b-pyramid / weightp / weightb       : 1 / 1 / 0
2025-07-22 23:12:05,780 - ERROR - x265 [info]: References / ref-limit  cu / depth  : 4 / on / on
2025-07-22 23:12:05,781 - ERROR - x265 [info]: AQ: mode / str / qg-size / cu-tree  : 2 / 1.0 / 32 / 1
2025-07-22 23:12:05,782 - ERROR - x265 [info]: Rate Control / qCompress            : CRF-20.5 / 0.60
2025-07-22 23:12:05,783 - ERROR - x265 [info]: tools: rect limit-modes rd=3 psy-rd=2.00 rdoq=2 psy-rdoq=1.00
2025-07-22 23:12:05,784 - ERROR - x265 [info]: tools: early-skip rskip mode=1 signhide tmvp
2025-07-22 23:12:05,784 - ERROR - x265 [info]: tools: strong-intra-smoothing lslices=4 deblock dhdr10-info
2025-07-22 23:12:05,785 - ERROR - Output #0, hevc, to 'H:\staging\7e6ecde2-80c6-4f3f-a432-56a61c93b831\video_reencoded.hevc':
2025-07-22 23:12:05,786 - ERROR - Metadata:
2025-07-22 23:12:05,787 - ERROR - encoder         : Lavf61.7.100
2025-07-22 23:12:05,787 - ERROR - Stream #0:0: Video: hevc, yuv420p10le(tv, bt2020nc/bt2020/smpte2084, progressive), 3840x2160 [SAR 1:1 DAR 16:9], q=2-31, 23.98 fps, 23.98 tbn
2025-07-22 23:12:05,788 - ERROR - Metadata:
2025-07-22 23:12:05,789 - ERROR - encoder         : Lavc61.19.101 libx265
2025-07-22 23:12:05,789 - ERROR - Side data:
2025-07-22 23:12:05,790 - ERROR - Mastering Display Metadata, has_primaries:1 has_luminance:1 r(0.7080,0.2920) g(0.1700,0.7970) b(0.1310 0.0460) wp(0.3127, 0.3290) min_luminance=0.005000, max_luminance=1000.000000
2025-07-22 23:12:05,791 - ERROR - Content Light Level Metadata, MaxCLL=1000, MaxFALL=184
2025-07-22 23:12:05,791 - ERROR - cpb: bitrate max/min/avg: 0/0/0 buffer size: 0 vbv_delay: N/A
2025-07-23 09:08:00,160 - ERROR - [out#0/hevc @ 000001d4bad5e540] video:13253038KiB audio:0KiB subtitle:0KiB other streams:0KiB global headers:0KiB muxing overhead: 0.000000%
2025-07-23 09:08:00,162 - ERROR - x265 [info]: frame I:   1448, Avg QP:20.38  kb/s: 44717.32
2025-07-23 09:08:00,163 - ERROR - x265 [info]: frame P:  46441, Avg QP:22.46  kb/s: 25492.53
2025-07-23 09:08:00,164 - ERROR - x265 [info]: frame B: 174385, Avg QP:25.54  kb/s: 7761.87
2025-07-23 09:08:00,164 - ERROR - x265 [info]: Weighted P-Frames: Y:1.0% UV:0.8%
2025-07-23 09:08:00,165 - ERROR - encoded 222274 frames in 35754.39s (6.22 fps), 11707.19 kb/s, Avg QP:24.87
2025-07-23 09:08:00,702 - INFO - Successfully completed: Re-encoding to x265
2025-07-23 09:08:00,765 - INFO - Starting step: inject_rpu - Injecting RPU
2025-07-23 09:08:00,774 - INFO - Injecting RPU...
2025-07-23 09:08:00,776 - INFO - Executing command: dovi_tool inject-rpu -i "H:\staging\7e6ecde2-80c6-4f3f-a432-56a61c93b831\video_reencoded.hevc" --rpu-in "H:\staging\7e6ecde2-80c6-4f3f-a432-56a61c93b831\rpu.bin" -o "H:\staging\7e6ecde2-80c6-4f3f-a432-56a61c93b831\video_final_with_rpu.hevc"
2025-07-23 09:09:47,281 - INFO - Injecting RPU successful.
2025-07-23 09:09:47,348 - INFO - Starting step: remux_final - Remuxing final MKV
2025-07-23 09:09:47,356 - INFO - Remuxing final MKV...
2025-07-23 09:09:47,358 - INFO - Executing command: mkvmerge -o "H:\staging\7e6ecde2-80c6-4f3f-a432-56a61c93b831\Pulp Fiction-FPL_MainFeature_t03_DV_P8.mkv" --language 0:eng "H:\staging\7e6ecde2-80c6-4f3f-a432-56a61c93b831\video_final_with_rpu.hevc" --no-video "H:\staging\7e6ecde2-80c6-4f3f-a432-56a61c93b831\Pulp Fiction-FPL_MainFeature_t03.mkv"
2025-07-23 09:14:05,744 - INFO - Remuxing final MKV successful.
2025-07-23 09:14:05,805 - INFO - Starting step: move_final - Moving final file to destination
2025-07-23 09:14:05,813 - INFO - Moving final file from H:\staging\7e6ecde2-80c6-4f3f-a432-56a61c93b831\Pulp Fiction-FPL_MainFeature_t03_DV_P8.mkv to Z:\landing_point\Video\Pulp Fiction\Pulp Fiction-FPL_MainFeature_t03_DV_P8.mkv
2025-07-23 09:17:00,860 - INFO - Move successful.
2025-07-23 09:17:00,920 - INFO - === transcode() completed successfully for job 7e6ecde2-80c6-4f3f-a432-56a61c93b831 ===
2025-07-23 09:17:01,005 - INFO - Cleaning up job staging directory: H:\staging\7e6ecde2-80c6-4f3f-a432-56a61c93b831
