2025-07-17 23:20:30,933 - INFO - Job 836d9319-92e6-4425-8db5-2c5d60c8cb93 initialized.
2025-07-17 23:20:30,934 - INFO - Original input file: Z:\landing_point\Video\Eternal Sunshine of the Spotless Mind\Eternal Sunshine of the Spotless Mind_t00.mkv
2025-07-17 23:20:30,935 - INFO - Final output file: Z:\landing_point\Video\Eternal Sunshine of the Spotless Mind\Eternal Sunshine of the Spotless Mind_t00_DV_P8.mkv
2025-07-17 23:20:30,935 - INFO - Local job staging directory: H:\staging\836d9319-92e6-4425-8db5-2c5d60c8cb93
2025-07-17 23:20:30,936 - INFO - Disk space for Local Staging SSD (H:\staging):
2025-07-17 23:20:30,937 - INFO -   - Total: 3726.01 GB
2025-07-17 23:20:30,937 - INFO -   - Used: 1413.22 GB
2025-07-17 23:20:30,938 - INFO -   - Free: 2312.79 GB
2025-07-17 23:20:30,938 - INFO - === Entering transcode() for job 836d9319-92e6-4425-8db5-2c5d60c8cb93 ===
2025-07-17 23:20:30,939 - INFO - Job dict: {
  "id": "836d9319-92e6-4425-8db5-2c5d60c8cb93",
  "input_path": "Z:\\landing_point\\Video\\Eternal Sunshine of the Spotless Mind\\Eternal Sunshine of the Spotless Mind_t00.mkv",
  "job_type": "dolby_vision",
  "status": "running",
  "worker_id": "CJBLANK",
  "output_path": null,
  "added_at": 1752816010.4968164,
  "retries": 1,
  "steps": {
    "copy_source": "pending",
    "get_metadata": "pending",
    "extract_p7": "pending",
    "convert_p8": "pending",
    "extract_rpu": "pending",
    "reencode_x265": "pending",
    "inject_rpu": "pending",
    "remux_final": "pending",
    "move_final": "pending"
  },
  "claimed_at": 1752816030.8723109
}
2025-07-17 23:20:30,948 - INFO - === Starting transcode pipeline for job 836d9319-92e6-4425-8db5-2c5d60c8cb93 ===
2025-07-17 23:20:30,949 - INFO - Job dict: {'id': '836d9319-92e6-4425-8db5-2c5d60c8cb93', 'input_path': 'Z:\\landing_point\\Video\\Eternal Sunshine of the Spotless Mind\\Eternal Sunshine of the Spotless Mind_t00.mkv', 'job_type': 'dolby_vision', 'status': 'running', 'worker_id': 'CJBLANK', 'output_path': None, 'added_at': 1752816010.4968164, 'retries': 1, 'steps': {'copy_source': 'pending', 'get_metadata': 'pending', 'extract_p7': 'pending', 'convert_p8': 'pending', 'extract_rpu': 'pending', 'reencode_x265': 'pending', 'inject_rpu': 'pending', 'remux_final': 'pending', 'move_final': 'pending'}, 'claimed_at': 1752816030.8723109}
2025-07-17 23:20:30,949 - INFO - Starting step: copy_source - Copying source file locally
2025-07-17 23:20:30,962 - INFO - Copying source file locally: from Z:\landing_point\Video\Eternal Sunshine of the Spotless Mind\Eternal Sunshine of the Spotless Mind_t00.mkv to H:\staging\836d9319-92e6-4425-8db5-2c5d60c8cb93\Eternal Sunshine of the Spotless Mind_t00.mkv
2025-07-17 23:50:52,783 - INFO - Copy successful.
2025-07-17 23:50:52,824 - INFO - Starting step: get_metadata - Getting video metadata
2025-07-17 23:50:52,825 - INFO - Attempting to get video metadata from H:\staging\836d9319-92e6-4425-8db5-2c5d60c8cb93\Eternal Sunshine of the Spotless Mind_t00.mkv
2025-07-17 23:50:53,111 - INFO - Successfully got frame rate: 24.000 fps.
2025-07-17 23:50:53,159 - INFO - Successfully got frame count from tag 'NUMBER_OF_FRAMES-eng': 155177 frames.
2025-07-17 23:50:53,257 - INFO - Starting step: extract_p7 - Extracting Profile 7 HEVC stream
2025-07-17 23:50:53,259 - INFO - Executing ffmpeg stream copy: ffmpeg -i H:\staging\836d9319-92e6-4425-8db5-2c5d60c8cb93\Eternal Sunshine of the Spotless Mind_t00.mkv -map 0:v:0 -c copy -y H:\staging\836d9319-92e6-4425-8db5-2c5d60c8cb93\video_p7.hevc
2025-07-18 15:18:55,894 - INFO - Job 836d9319-92e6-4425-8db5-2c5d60c8cb93 initialized.
2025-07-18 15:18:55,895 - INFO - Original input file: Z:\landing_point\Video\Eternal Sunshine of the Spotless Mind\Eternal Sunshine of the Spotless Mind_t00.mkv
2025-07-18 15:18:55,898 - INFO - Final output file: Z:\landing_point\Video\Eternal Sunshine of the Spotless Mind\Eternal Sunshine of the Spotless Mind_t00_DV_P8.mkv
2025-07-18 15:18:55,908 - INFO - Local job staging directory: H:\staging\836d9319-92e6-4425-8db5-2c5d60c8cb93
2025-07-18 15:18:55,911 - INFO - Disk space for Local Staging SSD (H:\staging):
2025-07-18 15:18:55,922 - INFO -   - Total: 3726.01 GB
2025-07-18 15:18:55,925 - INFO -   - Used: 1845.75 GB
2025-07-18 15:18:55,928 - INFO -   - Free: 1880.26 GB
2025-07-18 15:18:55,931 - INFO - === Entering transcode() for job 836d9319-92e6-4425-8db5-2c5d60c8cb93 ===
2025-07-18 15:18:55,941 - INFO - Job dict: {
  "id": "836d9319-92e6-4425-8db5-2c5d60c8cb93",
  "input_path": "\"Z:\\landing_point\\Video\\Eternal Sunshine of the Spotless Mind\\Eternal Sunshine of the Spotless Mind_t00.mkv\"",
  "job_type": "dolby_vision",
  "status": "failed",
  "worker_id": "CJBLANK",
  "output_path": null,
  "added_at": 1752847765.879076,
  "retries": 0,
  "steps": {
    "copy_source": "completed",
    "get_metadata": "pending",
    "extract_p7": "pending",
    "convert_p8": "pending",
    "extract_rpu": "pending",
    "reencode_x265": "pending",
    "inject_rpu": "pending",
    "remux_final": "pending",
    "move_final": "pending"
  },
  "claimed_at": 1752873535.7826993
}
2025-07-18 15:18:55,962 - INFO - === Starting transcode pipeline for job 836d9319-92e6-4425-8db5-2c5d60c8cb93 ===
2025-07-18 15:18:55,964 - INFO - Job dict: {'id': '836d9319-92e6-4425-8db5-2c5d60c8cb93', 'input_path': '"Z:\\landing_point\\Video\\Eternal Sunshine of the Spotless Mind\\Eternal Sunshine of the Spotless Mind_t00.mkv"', 'job_type': 'dolby_vision', 'status': 'failed', 'worker_id': 'CJBLANK', 'output_path': None, 'added_at': 1752847765.879076, 'retries': 0, 'steps': {'copy_source': 'completed', 'get_metadata': 'pending', 'extract_p7': 'pending', 'convert_p8': 'pending', 'extract_rpu': 'pending', 'reencode_x265': 'pending', 'inject_rpu': 'pending', 'remux_final': 'pending', 'move_final': 'pending'}, 'claimed_at': 1752873535.7826993}
2025-07-18 15:18:55,968 - INFO - Step 'copy_source' already completed. Skipping.
2025-07-18 15:18:55,978 - INFO - Starting step: get_metadata - Getting video metadata
2025-07-18 15:18:55,981 - INFO - Attempting to get video metadata from H:\staging\836d9319-92e6-4425-8db5-2c5d60c8cb93\Eternal Sunshine of the Spotless Mind_t00.mkv
2025-07-18 15:18:56,126 - INFO - Successfully got frame rate: 24.000 fps.
2025-07-18 15:18:56,215 - INFO - Successfully got frame count from tag 'NUMBER_OF_FRAMES-eng': 155177 frames.
2025-07-18 15:18:56,254 - INFO - Probing for main video stream in: H:\staging\836d9319-92e6-4425-8db5-2c5d60c8cb93\Eternal Sunshine of the Spotless Mind_t00.mkv
2025-07-18 15:18:56,341 - INFO - Found main video stream at index: 0
2025-07-18 15:18:56,351 - INFO - Using map specifier '0:v:0' for ffmpeg.
2025-07-18 15:18:56,353 - INFO - Starting step: extract_p7 - Extracting Profile 7 HEVC stream
2025-07-18 15:18:56,365 - INFO - Executing ffmpeg stream copy: ffmpeg -i "H:\staging\836d9319-92e6-4425-8db5-2c5d60c8cb93\Eternal Sunshine of the Spotless Mind_t00.mkv" -map 0:v:0 -c copy -y "H:\staging\836d9319-92e6-4425-8db5-2c5d60c8cb93\video_p7.hevc"
2025-07-18 15:23:50,134 - INFO - Successfully completed: Extracting P7 stream
2025-07-18 15:23:50,188 - INFO - Starting step: convert_p8 - Converting P7 to P8.1
2025-07-18 15:23:50,202 - INFO - Converting to P8.1...
2025-07-18 15:23:50,210 - INFO - Executing command: dovi_tool -m 2 convert --discard -i "H:\staging\836d9319-92e6-4425-8db5-2c5d60c8cb93\video_p7.hevc" -o "H:\staging\836d9319-92e6-4425-8db5-2c5d60c8cb93\video_p8.hevc"
2025-07-18 15:28:17,755 - INFO - Converting to P8.1 successful.
2025-07-18 15:28:17,798 - INFO - Starting step: extract_rpu - Extracting RPU
2025-07-18 15:28:17,806 - INFO - Extracting RPU...
2025-07-18 15:28:17,808 - INFO - Executing command: dovi_tool extract-rpu -i "H:\staging\836d9319-92e6-4425-8db5-2c5d60c8cb93\video_p8.hevc" -o "H:\staging\836d9319-92e6-4425-8db5-2c5d60c8cb93\rpu.bin"
2025-07-18 15:30:33,907 - INFO - Extracting RPU successful.
2025-07-18 15:30:33,957 - INFO - Starting step: reencode_x265 - Re-encoding to x265
2025-07-18 15:30:33,967 - INFO - Executing ffmpeg command: ffmpeg -fflags +genpts -i "H:\staging\836d9319-92e6-4425-8db5-2c5d60c8cb93\video_p8.hevc" -an -sn -dn -c:v libx265 -preset slow -crf 20.5 -threads 8 -x265-params pools=8 -y "H:\staging\836d9319-92e6-4425-8db5-2c5d60c8cb93\video_reencoded.hevc"
2025-07-18 15:30:34,063 - ERROR - ffmpeg version 7.1.1-full_build-www.gyan.dev Copyright (c) 2000-2025 the FFmpeg developers
2025-07-18 15:30:34,064 - ERROR - built with gcc 14.2.0 (Rev1, Built by MSYS2 project)
2025-07-18 15:30:34,075 - ERROR - configuration: --enable-gpl --enable-version3 --enable-static --disable-w32threads --disable-autodetect --enable-fontconfig --enable-iconv --enable-gnutls --enable-lcms2 --enable-libxml2 --enable-gmp --enable-bzlib --enable-lzma --enable-libsnappy --enable-zlib --enable-librist --enable-libsrt --enable-libssh --enable-libzmq --enable-avisynth --enable-libbluray --enable-libcaca --enable-libdvdnav --enable-libdvdread --enable-sdl2 --enable-libaribb24 --enable-libaribcaption --enable-libdav1d --enable-libdavs2 --enable-libopenjpeg --enable-libquirc --enable-libuavs3d --enable-libxevd --enable-libzvbi --enable-libqrencode --enable-librav1e --enable-libsvtav1 --enable-libvvenc --enable-libwebp --enable-libx264 --enable-libx265 --enable-libxavs2 --enable-libxeve --enable-libxvid --enable-libaom --enable-libjxl --enable-libvpx --enable-mediafoundation --enable-libass --enable-frei0r --enable-libfreetype --enable-libfribidi --enable-libharfbuzz --enable-liblensfun --enable-libvidstab --enable-libvmaf --enable-libzimg --enable-amf --enable-cuda-llvm --enable-cuvid --enable-dxva2 --enable-d3d11va --enable-d3d12va --enable-ffnvcodec --enable-libvpl --enable-nvdec --enable-nvenc --enable-vaapi --enable-libshaderc --enable-vulkan --enable-libplacebo --enable-opencl --enable-libcdio --enable-libgme --enable-libmodplug --enable-libopenmpt --enable-libopencore-amrwb --enable-libmp3lame --enable-libshine --enable-libtheora --enable-libtwolame --enable-libvo-amrwbenc --enable-libcodec2 --enable-libilbc --enable-libgsm --enable-liblc3 --enable-libopencore-amrnb --enable-libopus --enable-libspeex --enable-libvorbis --enable-ladspa --enable-libbs2b --enable-libflite --enable-libmysofa --enable-librubberband --enable-libsoxr --enable-chromaprint
2025-07-18 15:30:34,078 - ERROR - libavutil      59. 39.100 / 59. 39.100
2025-07-18 15:30:34,081 - ERROR - libavcodec     61. 19.101 / 61. 19.101
2025-07-18 15:30:34,084 - ERROR - libavformat    61.  7.100 / 61.  7.100
2025-07-18 15:30:34,095 - ERROR - libavdevice    61.  3.100 / 61.  3.100
2025-07-18 15:30:34,098 - ERROR - libavfilter    10.  4.100 / 10.  4.100
2025-07-18 15:30:34,102 - ERROR - libswscale      8.  3.100 /  8.  3.100
2025-07-18 15:30:34,111 - ERROR - libswresample   5.  3.100 /  5.  3.100
2025-07-18 15:30:34,114 - ERROR - libpostproc    58.  3.100 / 58.  3.100
2025-07-18 15:30:34,117 - ERROR - Input #0, hevc, from 'H:\staging\836d9319-92e6-4425-8db5-2c5d60c8cb93\video_p8.hevc':
2025-07-18 15:30:34,120 - ERROR - Duration: N/A, bitrate: N/A
2025-07-18 15:30:34,131 - ERROR - Stream #0:0: Video: hevc (Main 10), yuv420p10le(tv, bt2020nc/bt2020/smpte2084), 3840x2160 [SAR 1:1 DAR 16:9], 25 fps, 24 tbr, 1200k tbn
2025-07-18 15:30:34,134 - ERROR - Stream mapping:
2025-07-18 15:30:34,137 - ERROR - Stream #0:0 -> #0:0 (hevc (native) -> hevc (libx265))
2025-07-18 15:30:34,140 - ERROR - Press [q] to stop, [?] for help
2025-07-18 15:30:34,213 - ERROR - x265 [info]: HEVC encoder version 4.1+110-0e0eee580
2025-07-18 15:30:34,216 - ERROR - x265 [info]: build info [Windows][GCC 14.2.0][64 bit] 10bit
2025-07-18 15:30:34,228 - ERROR - x265 [info]: using cpu capabilities: MMX2 SSE2Fast LZCNT SSSE3 SSE4.2 AVX FMA3 BMI2 AVX2
2025-07-18 15:30:34,231 - ERROR - x265 [info]: Main 10 profile, Level-5 (Main tier)
2025-07-18 15:30:34,234 - ERROR - x265 [info]: Thread pool created using 8 threads
2025-07-18 15:30:34,245 - ERROR - x265 [info]: Slices                              : 1
2025-07-18 15:30:34,248 - ERROR - x265 [info]: frame threads / pool features       : 8 / wpp(34 rows)
2025-07-18 15:30:34,251 - ERROR - x265 [info]: Coding QT: max CU size, min CU size : 64 / 8
2025-07-18 15:30:34,262 - ERROR - x265 [info]: Residual QT: max TU size, max depth : 32 / 1 inter / 1 intra
2025-07-18 15:30:34,264 - ERROR - x265 [info]: ME / range / subpel / merge         : star / 57 / 3 / 3
2025-07-18 15:30:34,268 - ERROR - x265 [info]: Keyframe min / max / scenecut / bias  : 24 / 250 / 40 / 5.00
2025-07-18 15:30:34,279 - ERROR - x265 [info]: Lookahead / bframes / badapt        : 25 / 4 / 2
2025-07-18 15:30:34,281 - ERROR - x265 [info]: b-pyramid / weightp / weightb       : 1 / 1 / 0
2025-07-18 15:30:34,285 - ERROR - x265 [info]: References / ref-limit  cu / depth  : 4 / on / on
2025-07-18 15:30:34,295 - ERROR - x265 [info]: AQ: mode / str / qg-size / cu-tree  : 2 / 1.0 / 32 / 1
2025-07-18 15:30:34,299 - ERROR - x265 [info]: Rate Control / qCompress            : CRF-20.5 / 0.60
2025-07-18 15:30:34,302 - ERROR - x265 [info]: tools: rect limit-modes rd=4 psy-rd=2.00 rdoq=2 psy-rdoq=1.00
2025-07-18 15:30:34,314 - ERROR - x265 [info]: tools: rskip mode=1 signhide tmvp strong-intra-smoothing lslices=4
2025-07-18 15:30:34,317 - ERROR - x265 [info]: tools: deblock sao dhdr10-info
2025-07-18 15:30:34,321 - ERROR - Output #0, hevc, to 'H:\staging\836d9319-92e6-4425-8db5-2c5d60c8cb93\video_reencoded.hevc':
2025-07-18 15:30:34,325 - ERROR - Metadata:
2025-07-18 15:30:34,336 - ERROR - encoder         : Lavf61.7.100
2025-07-18 15:30:34,339 - ERROR - Stream #0:0: Video: hevc, yuv420p10le(tv, bt2020nc/bt2020/smpte2084, progressive), 3840x2160 [SAR 1:1 DAR 16:9], q=2-31, 24 fps, 24 tbn
2025-07-18 15:30:34,343 - ERROR - Metadata:
2025-07-18 15:30:34,353 - ERROR - encoder         : Lavc61.19.101 libx265
2025-07-18 15:30:34,356 - ERROR - Side data:
2025-07-18 15:30:34,360 - ERROR - Mastering Display Metadata, has_primaries:1 has_luminance:1 r(0.6800,0.3200) g(0.2650,0.6900) b(0.1500 0.0600) wp(0.3127, 0.3290) min_luminance=0.000100, max_luminance=1000.000000
2025-07-18 15:30:34,370 - ERROR - Content Light Level Metadata, MaxCLL=1090, MaxFALL=206
2025-07-18 15:30:34,373 - ERROR - cpb: bitrate max/min/avg: 0/0/0 buffer size: 0 vbv_delay: N/A
2025-07-19 11:33:40,594 - ERROR - [out#0/hevc @ 000001e2c331fe40] video:10262188KiB audio:0KiB subtitle:0KiB other streams:0KiB global headers:0KiB muxing overhead: 0.000000%
2025-07-19 11:33:40,597 - ERROR - x265 [info]: frame I:   1278, Avg QP:20.33  kb/s: 30409.65
2025-07-19 11:33:40,597 - ERROR - x265 [info]: frame P:  34530, Avg QP:21.45  kb/s: 20544.94
2025-07-19 11:33:40,598 - ERROR - x265 [info]: frame B: 119369, Avg QP:24.29  kb/s: 10627.83
2025-07-19 11:33:40,599 - ERROR - x265 [info]: Weighted P-Frames: Y:1.3% UV:0.9%
2025-07-19 11:33:40,599 - ERROR - encoded 155177 frames in 72186.36s (2.15 fps), 12997.51 kb/s, Avg QP:23.62
2025-07-19 11:33:41,041 - INFO - Successfully completed: Re-encoding to x265
2025-07-19 11:33:41,074 - INFO - Starting step: inject_rpu - Injecting RPU
2025-07-19 11:33:41,082 - INFO - Injecting RPU...
2025-07-19 11:33:41,084 - INFO - Executing command: dovi_tool inject-rpu -i "H:\staging\836d9319-92e6-4425-8db5-2c5d60c8cb93\video_reencoded.hevc" --rpu-in "H:\staging\836d9319-92e6-4425-8db5-2c5d60c8cb93\rpu.bin" -o "H:\staging\836d9319-92e6-4425-8db5-2c5d60c8cb93\video_final_with_rpu.hevc"
2025-07-19 11:34:30,356 - INFO - Injecting RPU successful.
2025-07-19 11:34:30,388 - INFO - Starting step: remux_final - Remuxing final MKV
2025-07-19 11:34:30,396 - INFO - Remuxing final MKV...
2025-07-19 11:34:30,398 - INFO - Executing command: mkvmerge -o "H:\staging\836d9319-92e6-4425-8db5-2c5d60c8cb93\Eternal Sunshine of the Spotless Mind_t00_DV_P8.mkv" --language 0:eng "H:\staging\836d9319-92e6-4425-8db5-2c5d60c8cb93\video_final_with_rpu.hevc" --no-video "H:\staging\836d9319-92e6-4425-8db5-2c5d60c8cb93\Eternal Sunshine of the Spotless Mind_t00.mkv"
2025-07-19 11:38:23,488 - INFO - Remuxing final MKV successful.
2025-07-19 11:38:23,523 - INFO - Starting step: move_final - Moving final file to destination
2025-07-19 11:38:23,531 - INFO - Moving final file from H:\staging\836d9319-92e6-4425-8db5-2c5d60c8cb93\Eternal Sunshine of the Spotless Mind_t00_DV_P8.mkv to Z:\landing_point\Video\Eternal Sunshine of the Spotless Mind\Eternal Sunshine of the Spotless Mind_t00_DV_P8.mkv
2025-07-19 11:41:24,674 - INFO - Move successful.
2025-07-19 11:41:24,719 - INFO - === transcode() completed successfully for job 836d9319-92e6-4425-8db5-2c5d60c8cb93 ===
